[0.020s] Invoking command in '/home1/rs_ws/src/rs_to_velodyne/build/rs_to_velodyne': CMAKE_PREFIX_PATH=/opt/ros/humble /usr/bin/cmake --build /home1/rs_ws/src/rs_to_velodyne/build/rs_to_velodyne -- -j12 -l12
[0.107s] [35m[1mConsolidate compiler generated dependencies of target rs_to_velodyne[0m
[0.161s] [ 50%] [32mBuilding CXX object CMakeFiles/rs_to_velodyne.dir/src/rs_to_velodyne.cpp.o[0m
[18.019s] /home1/rs_ws/src/rs_to_velodyne/src/rs_to_velodyne.cpp: In instantiation of â€˜[01m[Kbool has_nan(T) [with T = pcl::PointXYZI][m[Kâ€™:
[18.019s] [01m[K/home1/rs_ws/src/rs_to_velodyne/src/rs_to_velodyne.cpp:109:20:[m[K   required from here
[18.019s] [01m[K/home1/rs_ws/src/rs_to_velodyne/src/rs_to_velodyne.cpp:82:18:[m[K [01;31m[Kerror: [m[Kâ€˜[01m[Kpcl_isnan[m[Kâ€™ was not declared in this scope
[18.020s]    82 |     if ([01;31m[Kpcl_isnan(point.x)[m[K || pcl_isnan(point.y) || pcl_isnan(point.z)) {
[18.020s]       |         [01;31m[K~~~~~~~~~^~~~~~~~~[m[K
[18.020s] [01m[K/home1/rs_ws/src/rs_to_velodyne/src/rs_to_velodyne.cpp:82:40:[m[K [01;31m[Kerror: [m[Kâ€˜[01m[Kpcl_isnan[m[Kâ€™ was not declared in this scope, and no declarations were found by argument-dependent lookup at the point of instantiation [[01;31m[K-fpermissive[m[K]
[18.021s]    82 |     if (pcl_isnan(point.x) || [01;31m[Kpcl_isnan(point.y)[m[K || pcl_isnan(point.z)) {
[18.021s]       |                               [01;31m[K~~~~~~~~~^~~~~~~~~[m[K
[18.021s] [01m[K/home1/rs_ws/src/rs_to_velodyne/src/rs_to_velodyne.cpp:82:62:[m[K [01;31m[Kerror: [m[Kâ€˜[01m[Kpcl_isnan[m[Kâ€™ was not declared in this scope, and no declarations were found by argument-dependent lookup at the point of instantiation [[01;31m[K-fpermissive[m[K]
[18.022s]    82 |     if (pcl_isnan(point.x) || pcl_isnan(point.y) || [01;31m[Kpcl_isnan(point.z)[m[K) {
[18.022s]       |                                                     [01;31m[K~~~~~~~~~^~~~~~~~~[m[K
[18.022s] /home1/rs_ws/src/rs_to_velodyne/src/rs_to_velodyne.cpp: In instantiation of â€˜[01m[Kbool has_nan(T) [with T = RsPointXYZIRT][m[Kâ€™:
[18.022s] [01m[K/home1/rs_ws/src/rs_to_velodyne/src/rs_to_velodyne.cpp:136:20:[m[K   required from â€˜[01m[Kvoid handle_pc_msg(const typename pcl::PointCloud<PointT>::Ptr&, const typename pcl::PointCloud<PointOutT>::Ptr&) [with T_in_p = RsPointXYZIRT; T_out_p = VelodynePointXYZIRT; typename pcl::PointCloud<PointT>::Ptr = std::shared_ptr<pcl::PointCloud<RsPointXYZIRT> >; typename pcl::PointCloud<PointOutT>::Ptr = std::shared_ptr<pcl::PointCloud<VelodynePointXYZIRT> >][m[Kâ€™
[18.023s] [01m[K/home1/rs_ws/src/rs_to_velodyne/src/rs_to_velodyne.cpp:183:58:[m[K   required from here
[18.023s] [01m[K/home1/rs_ws/src/rs_to_velodyne/src/rs_to_velodyne.cpp:82:18:[m[K [01;31m[Kerror: [m[Kâ€˜[01m[Kpcl_isnan[m[Kâ€™ was not declared in this scope
[18.023s]    82 |     if ([01;31m[Kpcl_isnan(point.x)[m[K || pcl_isnan(point.y) || pcl_isnan(point.z)) {
[18.023s]       |         [01;31m[K~~~~~~~~~^~~~~~~~~[m[K
[18.023s] [01m[K/home1/rs_ws/src/rs_to_velodyne/src/rs_to_velodyne.cpp:82:40:[m[K [01;31m[Kerror: [m[Kâ€˜[01m[Kpcl_isnan[m[Kâ€™ was not declared in this scope, and no declarations were found by argument-dependent lookup at the point of instantiation [[01;31m[K-fpermissive[m[K]
[18.024s]    82 |     if (pcl_isnan(point.x) || [01;31m[Kpcl_isnan(point.y)[m[K || pcl_isnan(point.z)) {
[18.024s]       |                               [01;31m[K~~~~~~~~~^~~~~~~~~[m[K
[18.024s] [01m[K/home1/rs_ws/src/rs_to_velodyne/src/rs_to_velodyne.cpp:82:62:[m[K [01;31m[Kerror: [m[Kâ€˜[01m[Kpcl_isnan[m[Kâ€™ was not declared in this scope, and no declarations were found by argument-dependent lookup at the point of instantiation [[01;31m[K-fpermissive[m[K]
[18.024s]    82 |     if (pcl_isnan(point.x) || pcl_isnan(point.y) || [01;31m[Kpcl_isnan(point.z)[m[K) {
[18.025s]       |                                                     [01;31m[K~~~~~~~~~^~~~~~~~~[m[K
[18.025s] [01m[K/home1/rs_ws/src/rs_to_velodyne/src/rs_to_velodyne.cpp:[m[K In function â€˜[01m[Kbool has_nan(T) [with T = pcl::PointXYZI][m[Kâ€™:
[18.025s] [01m[K/home1/rs_ws/src/rs_to_velodyne/src/rs_to_velodyne.cpp:87:1:[m[K [01;35m[Kwarning: [m[Kcontrol reaches end of non-void function [[01;35m[K-Wreturn-type[m[K]
[18.025s]    87 | [01;35m[K}[m[K
[18.025s]       | [01;35m[K^[m[K
[18.026s] [01m[K/home1/rs_ws/src/rs_to_velodyne/src/rs_to_velodyne.cpp:[m[K In function â€˜[01m[Kbool has_nan(T) [with T = RsPointXYZIRT][m[Kâ€™:
[18.026s] [01m[K/home1/rs_ws/src/rs_to_velodyne/src/rs_to_velodyne.cpp:87:1:[m[K [01;35m[Kwarning: [m[Kcontrol reaches end of non-void function [[01;35m[K-Wreturn-type[m[K]
[18.026s]    87 | [01;35m[K}[m[K
[18.027s]       | [01;35m[K^[m[K
[18.027s] gmake[2]: *** [CMakeFiles/rs_to_velodyne.dir/build.make:76ï¼šCMakeFiles/rs_to_velodyne.dir/src/rs_to_velodyne.cpp.o] é”™è¯¯ 1
[18.027s] gmake[1]: *** [CMakeFiles/Makefile2:137ï¼šCMakeFiles/rs_to_velodyne.dir/all] é”™è¯¯ 2
[18.027s] gmake: *** [Makefile:146ï¼šall] é”™è¯¯ 2
[18.034s] Invoked command in '/home1/rs_ws/src/rs_to_velodyne/build/rs_to_velodyne' returned '2': CMAKE_PREFIX_PATH=/opt/ros/humble /usr/bin/cmake --build /home1/rs_ws/src/rs_to_velodyne/build/rs_to_velodyne -- -j12 -l12
